<?xml version="1.0" encoding="UTF-8"?>
<testng-results ignored="0" total="4" passed="4" failed="0" skipped="0">
  <reporter-output>
  </reporter-output>
  <suite started-at="2024-05-03T17:20:23 IST" name="UserSuite" finished-at="2024-05-03T17:20:46 IST" duration-ms="22135">
    <groups>
    </groups>
    <test started-at="2024-05-03T17:20:23 IST" name="UserTest" finished-at="2024-05-03T17:20:46 IST" duration-ms="22135">
      <class name="api.test.UserTests2">
        <test-method is-config="true" signature="setUp()[pri:0, instance:api.test.UserTests2@38425407]" started-at="2024-05-03T17:20:24 IST" name="setUp" finished-at="2024-05-03T17:20:25 IST" duration-ms="1717" status="PASS">
          <reporter-output>
          </reporter-output>
        </test-method> <!-- setUp -->
        <test-method signature="testPostUser()[pri:1, instance:api.test.UserTests2@38425407]" started-at="2024-05-03T17:20:25 IST" name="testPostUser" finished-at="2024-05-03T17:20:39 IST" duration-ms="14034" status="PASS">
          <reporter-output>
          </reporter-output>
        </test-method> <!-- testPostUser -->
        <test-method signature="testGetUserByName()[pri:2, instance:api.test.UserTests2@38425407]" started-at="2024-05-03T17:20:40 IST" name="testGetUserByName" finished-at="2024-05-03T17:20:41 IST" duration-ms="1505" status="PASS">
          <reporter-output>
          </reporter-output>
        </test-method> <!-- testGetUserByName -->
        <test-method signature="testUpdateUserByName()[pri:3, instance:api.test.UserTests2@38425407]" started-at="2024-05-03T17:20:41 IST" name="testUpdateUserByName" finished-at="2024-05-03T17:20:44 IST" duration-ms="3091" status="PASS">
          <reporter-output>
          </reporter-output>
        </test-method> <!-- testUpdateUserByName -->
        <test-method signature="testDeleteUserByName()[pri:4, instance:api.test.UserTests2@38425407]" started-at="2024-05-03T17:20:44 IST" name="testDeleteUserByName" finished-at="2024-05-03T17:20:46 IST" duration-ms="1437" status="PASS">
          <reporter-output>
          </reporter-output>
        </test-method> <!-- testDeleteUserByName -->
      </class> <!-- api.test.UserTests2 -->
    </test> <!-- UserTest -->
  </suite> <!-- UserSuite -->
</testng-results>
